[debug] [2023-07-02T03:42:14.202Z] ----------------------------------------------------------------------
[debug] [2023-07-02T03:42:14.205Z] Command:       C:\Program Files\nodejs\node.exe C:\Users\54230\AppData\Roaming\npm\node_modules\firebase-tools\lib\bin\firebase.js init
[debug] [2023-07-02T03:42:14.205Z] CLI Version:   12.4.2
[debug] [2023-07-02T03:42:14.206Z] Platform:      win32
[debug] [2023-07-02T03:42:14.206Z] Node Version:  v18.16.1
[debug] [2023-07-02T03:42:14.208Z] Time:          Sun Jul 02 2023 00:42:14 GMT-0300 (hora de la Guayana Francesa)
[debug] [2023-07-02T03:42:14.208Z] ----------------------------------------------------------------------
[debug] 
[debug] [2023-07-02T03:42:14.217Z] > command requires scopes: ["email","openid","https://www.googleapis.com/auth/cloudplatformprojects.readonly","https://www.googleapis.com/auth/firebase","https://www.googleapis.com/auth/cloud-platform"]
[debug] [2023-07-02T03:42:14.218Z] > authorizing via signed-in user (bellenttierj@gmail.com)
[info] 
     ######## #### ########  ######## ########     ###     ######  ########
     ##        ##  ##     ## ##       ##     ##  ##   ##  ##       ##
     ######    ##  ########  ######   ########  #########  ######  ######
     ##        ##  ##    ##  ##       ##     ## ##     ##       ## ##
     ##       #### ##     ## ######## ########  ##     ##  ######  ########

You're about to initialize a Firebase project in this directory:

  C:\Users\54230\Desktop\Nueva carpeta (2)

[info] 
=== Project Setup
[info] 
[info] First, let's associate this project directory with a Firebase project.
[info] You can create multiple project aliases by running firebase use --add, 
[info] but for now we'll just set up a default project.
[info] 
[debug] [2023-07-02T03:42:31.083Z] > refreshing access token with scopes: []
[debug] [2023-07-02T03:42:31.086Z] >>> [apiv2][query] POST https://www.googleapis.com/oauth2/v3/token [none]
[debug] [2023-07-02T03:42:31.087Z] >>> [apiv2][body] POST https://www.googleapis.com/oauth2/v3/token [omitted]
[debug] [2023-07-02T03:42:31.255Z] <<< [apiv2][status] POST https://www.googleapis.com/oauth2/v3/token 200
[debug] [2023-07-02T03:42:31.256Z] <<< [apiv2][body] POST https://www.googleapis.com/oauth2/v3/token [omitted]
[debug] [2023-07-02T03:42:31.318Z] >>> [apiv2][query] GET https://firebase.googleapis.com/v1beta1/projects pageSize=100
[debug] [2023-07-02T03:42:31.915Z] <<< [apiv2][status] GET https://firebase.googleapis.com/v1beta1/projects 200
[debug] [2023-07-02T03:42:31.916Z] <<< [apiv2][body] GET https://firebase.googleapis.com/v1beta1/projects [omitted]
[info] i  Using project motorhomedreams-ce864 (MotorHomeDreams) 
[info] 
=== Hosting Setup
[info] 
[info] Your public directory is the folder (relative to your project directory) that
[info] will contain Hosting assets to be uploaded with firebase deploy. If you
[info] have a build process for your assets, use your build's output directory.
[info] 
[debug] [2023-07-02T03:42:45.811Z] >>> [apiv2][query] GET https://www.gstatic.com/firebasejs/releases.json [none]
[debug] [2023-07-02T03:42:45.866Z] <<< [apiv2][status] GET https://www.gstatic.com/firebasejs/releases.json 200
[debug] [2023-07-02T03:42:45.867Z] <<< [apiv2][body] GET https://www.gstatic.com/firebasejs/releases.json {"current":{"version":"9.23.0","browserURL":"https://www.gstatic.com/firebasejs/9.23.0/firebase.js","packageURL":"https://www.gstatic.com/firebasejs/9.23.0/firebase.tgz"},"live":{"version":"9.23","browserURL":"https://www.gstatic.com/firebasejs/live/9.23/firebase.js","packageURL":"https://www.gstatic.com/firebasejs/live/9.23/firebase.tgz"},"components":{"analytics":"https://www.gstatic.com/firebasejs/9.23.0/firebase-analytics.js","app":"https://www.gstatic.com/firebasejs/9.23.0/firebase-app.js","app-check":"https://www.gstatic.com/firebasejs/9.23.0/firebase-app-check.js","auth":"https://www.gstatic.com/firebasejs/9.23.0/firebase-auth.js","auth/cordova":"https://www.gstatic.com/firebasejs/9.23.0/firebase-auth/cordova.js","auth/react-native":"https://www.gstatic.com/firebasejs/9.23.0/firebase-auth/react-native.js","functions":"https://www.gstatic.com/firebasejs/9.23.0/firebase-functions.js","firestore":"https://www.gstatic.com/firebasejs/9.23.0/firebase-firestore.js","firestore/lite":"https://www.gstatic.com/firebasejs/9.23.0/firebase-firestore/lite.js","installations":"https://www.gstatic.com/firebasejs/9.23.0/firebase-installations.js","storage":"https://www.gstatic.com/firebasejs/9.23.0/firebase-storage.js","performance":"https://www.gstatic.com/firebasejs/9.23.0/firebase-performance.js","remote-config":"https://www.gstatic.com/firebasejs/9.23.0/firebase-remote-config.js","messaging":"https://www.gstatic.com/firebasejs/9.23.0/firebase-messaging.js","messaging/sw":"https://www.gstatic.com/firebasejs/9.23.0/firebase-messaging/sw.js","database":"https://www.gstatic.com/firebasejs/9.23.0/firebase-database.js","firestore.memory":"https://www.gstatic.com/firebasejs/9.23.0/firebase-firestore.memory.js"}}
[info] +  Wrote public/index.html 
[info] 
[info] i  Didn't detect a .git folder. Assuming C:\Users\54230\Desktop\Nueva carpeta (2) is the project root. 
[info] i  Authorizing with GitHub to upload your service account to a GitHub repository's secrets store. 
[info] 
[info] Visit this URL on this device to log in:
[info] https://github.com/login/oauth/authorize?client_id=89cf50f02ac6aaed3484&state=698957426&redirect_uri=http%3A%2F%2Flocalhost%3A9005&scope=read%3Auser%20repo%20public_repo
[info] 
[info] Waiting for authentication...
[debug] [2023-07-02T03:44:10.748Z] >>> [apiv2][query] POST https://github.com/login/oauth/access_token [none]
[debug] [2023-07-02T03:44:10.748Z] >>> [apiv2][body] POST https://github.com/login/oauth/access_token [stream]
[debug] [2023-07-02T03:44:12.267Z] <<< [apiv2][status] POST https://github.com/login/oauth/access_token 200
[debug] [2023-07-02T03:44:12.267Z] <<< [apiv2][body] POST https://github.com/login/oauth/access_token {"access_token":"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","token_type":"bearer","scope":"read:user,repo"}
[debug] [2023-07-02T03:44:12.627Z] >>> [apiv2][query] GET https://api.github.com/user [none]
[debug] [2023-07-02T03:44:13.238Z] <<< [apiv2][status] GET https://api.github.com/user 200
[debug] [2023-07-02T03:44:13.238Z] <<< [apiv2][body] GET https://api.github.com/user {"login":"bellenttier","id":138346314,"node_id":"U_kgDOCD7_Sg","avatar_url":"https://avatars.githubusercontent.com/u/138346314?v=4","gravatar_id":"","url":"https://api.github.com/users/bellenttier","html_url":"https://github.com/bellenttier","followers_url":"https://api.github.com/users/bellenttier/followers","following_url":"https://api.github.com/users/bellenttier/following{/other_user}","gists_url":"https://api.github.com/users/bellenttier/gists{/gist_id}","starred_url":"https://api.github.com/users/bellenttier/starred{/owner}{/repo}","subscriptions_url":"https://api.github.com/users/bellenttier/subscriptions","organizations_url":"https://api.github.com/users/bellenttier/orgs","repos_url":"https://api.github.com/users/bellenttier/repos","events_url":"https://api.github.com/users/bellenttier/events{/privacy}","received_events_url":"https://api.github.com/users/bellenttier/received_events","type":"User","site_admin":false,"name":null,"company":null,"blog":"","location":null,"email":null,"hireable":null,"bio":null,"twitter_username":null,"public_repos":0,"public_gists":0,"followers":0,"following":0,"created_at":"2023-07-02T03:12:00Z","updated_at":"2023-07-02T03:12:00Z","private_gists":0,"total_private_repos":0,"owned_private_repos":0,"disk_usage":0,"collaborators":0,"two_factor_authentication":false,"plan":{"name":"free","space":976562499,"collaborators":0,"private_repos":10000}}
[info] 
[info] +  Success! Logged into GitHub as bellenttier 
[info] 
[debug] [2023-07-02T03:48:26.204Z] >>> [apiv2][query] GET https://api.github.com/repos/   /actions/secrets/public-key type=owner
[debug] [2023-07-02T03:48:26.502Z] <<< [apiv2][status] GET https://api.github.com/repos/   /actions/secrets/public-key 404
[debug] [2023-07-02T03:48:26.502Z] <<< [apiv2][body] GET https://api.github.com/repos/   /actions/secrets/public-key {"message":"Not Found","documentation_url":"https://docs.github.com/rest"}
[info] 
[info] 
[error] !  The provided authorization cannot be used with this repository. If this repository is in an organization, did you remember to grant access? 
[info] 
[info] i  Action required: Visit this URL to ensure access has been granted to the appropriate organization(s) for the Firebase CLI GitHub OAuth App: 
[info] https://github.com/settings/connections/applications/89cf50f02ac6aaed3484
[info] 
[debug] [2023-07-02T03:48:34.925Z] >>> [apiv2][query] GET https://api.github.com/repos/   }/actions/secrets/public-key type=owner
[debug] [2023-07-02T03:48:35.232Z] <<< [apiv2][status] GET https://api.github.com/repos/   }/actions/secrets/public-key 404
[debug] [2023-07-02T03:48:35.232Z] <<< [apiv2][body] GET https://api.github.com/repos/   }/actions/secrets/public-key {"message":"Not Found","documentation_url":"https://docs.github.com/rest"}
[info] 
[info] 
[error] !  The provided authorization cannot be used with this repository. If this repository is in an organization, did you remember to grant access? 
[info] 
[info] i  Action required: Visit this URL to ensure access has been granted to the appropriate organization(s) for the Firebase CLI GitHub OAuth App: 
[info] https://github.com/settings/connections/applications/89cf50f02ac6aaed3484
[info] 
[debug] [2023-07-02T03:48:37.000Z] >>> [apiv2][query] GET https://api.github.com/repos/   }/actions/secrets/public-key type=owner
[debug] [2023-07-02T03:48:37.300Z] <<< [apiv2][status] GET https://api.github.com/repos/   }/actions/secrets/public-key 404
[debug] [2023-07-02T03:48:37.300Z] <<< [apiv2][body] GET https://api.github.com/repos/   }/actions/secrets/public-key {"message":"Not Found","documentation_url":"https://docs.github.com/rest"}
[info] 
[info] 
[error] !  The provided authorization cannot be used with this repository. If this repository is in an organization, did you remember to grant access? 
[info] 
[info] i  Action required: Visit this URL to ensure access has been granted to the appropriate organization(s) for the Firebase CLI GitHub OAuth App: 
[info] https://github.com/settings/connections/applications/89cf50f02ac6aaed3484
[info] 
[debug] [2023-07-02T03:48:40.331Z] >>> [apiv2][query] GET https://api.github.com/repos/   /actions/secrets/public-key type=owner
[debug] [2023-07-02T03:48:40.631Z] <<< [apiv2][status] GET https://api.github.com/repos/   /actions/secrets/public-key 404
[debug] [2023-07-02T03:48:40.631Z] <<< [apiv2][body] GET https://api.github.com/repos/   /actions/secrets/public-key {"message":"Not Found","documentation_url":"https://docs.github.com/rest"}
[info] 
[info] 
[error] !  The provided authorization cannot be used with this repository. If this repository is in an organization, did you remember to grant access? 
[info] 
[info] i  Action required: Visit this URL to ensure access has been granted to the appropriate organization(s) for the Firebase CLI GitHub OAuth App: 
[info] https://github.com/settings/connections/applications/89cf50f02ac6aaed3484
[info] 
[debug] [2023-07-02T03:48:40.797Z] >>> [apiv2][query] GET https://api.github.com/repos/   /actions/secrets/public-key type=owner
[debug] [2023-07-02T03:48:41.090Z] <<< [apiv2][status] GET https://api.github.com/repos/   /actions/secrets/public-key 404
[debug] [2023-07-02T03:48:41.090Z] <<< [apiv2][body] GET https://api.github.com/repos/   /actions/secrets/public-key {"message":"Not Found","documentation_url":"https://docs.github.com/rest"}
[info] 
[info] 
[error] !  The provided authorization cannot be used with this repository. If this repository is in an organization, did you remember to grant access? 
[info] 
[info] i  Action required: Visit this URL to ensure access has been granted to the appropriate organization(s) for the Firebase CLI GitHub OAuth App: 
[info] https://github.com/settings/connections/applications/89cf50f02ac6aaed3484
[info] 
[debug] [2023-07-02T03:50:43.949Z] >>> [apiv2][query] GET https://api.github.com/repos/   /actions/secrets/public-key type=owner
[debug] [2023-07-02T03:50:44.279Z] <<< [apiv2][status] GET https://api.github.com/repos/   /actions/secrets/public-key 404
[debug] [2023-07-02T03:50:44.279Z] <<< [apiv2][body] GET https://api.github.com/repos/   /actions/secrets/public-key {"message":"Not Found","documentation_url":"https://docs.github.com/rest"}
[info] 
[info] 
[error] !  The provided authorization cannot be used with this repository. If this repository is in an organization, did you remember to grant access? 
[info] 
[info] i  Action required: Visit this URL to ensure access has been granted to the appropriate organization(s) for the Firebase CLI GitHub OAuth App: 
[info] https://github.com/settings/connections/applications/89cf50f02ac6aaed3484
[info] 
[debug] [2023-07-02T03:51:41.102Z] >>> [apiv2][query] GET https://api.github.com/repos/   }/actions/secrets/public-key type=owner
[debug] [2023-07-02T03:51:41.406Z] <<< [apiv2][status] GET https://api.github.com/repos/   }/actions/secrets/public-key 404
[debug] [2023-07-02T03:51:41.407Z] <<< [apiv2][body] GET https://api.github.com/repos/   }/actions/secrets/public-key {"message":"Not Found","documentation_url":"https://docs.github.com/rest"}
[info] 
[info] 
[error] !  The provided authorization cannot be used with this repository. If this repository is in an organization, did you remember to grant access? 
[info] 
[info] i  Action required: Visit this URL to ensure access has been granted to the appropriate organization(s) for the Firebase CLI GitHub OAuth App: 
[info] https://github.com/settings/connections/applications/89cf50f02ac6aaed3484
[info] 
[debug] [2023-07-02T03:51:41.437Z] >>> [apiv2][query] GET https://api.github.com/repos/   }/actions/secrets/public-key type=owner
[debug] [2023-07-02T03:51:41.728Z] <<< [apiv2][status] GET https://api.github.com/repos/   }/actions/secrets/public-key 404
[debug] [2023-07-02T03:51:41.729Z] <<< [apiv2][body] GET https://api.github.com/repos/   }/actions/secrets/public-key {"message":"Not Found","documentation_url":"https://docs.github.com/rest"}
[info] 
[info] 
[error] !  The provided authorization cannot be used with this repository. If this repository is in an organization, did you remember to grant access? 
[info] 
[info] i  Action required: Visit this URL to ensure access has been granted to the appropriate organization(s) for the Firebase CLI GitHub OAuth App: 
[info] https://github.com/settings/connections/applications/89cf50f02ac6aaed3484
[info] 
[debug] [2023-07-02T03:51:42.254Z] >>> [apiv2][query] GET https://api.github.com/repos/   }/actions/secrets/public-key type=owner
[debug] [2023-07-02T03:51:42.542Z] <<< [apiv2][status] GET https://api.github.com/repos/   }/actions/secrets/public-key 404
[debug] [2023-07-02T03:51:42.542Z] <<< [apiv2][body] GET https://api.github.com/repos/   }/actions/secrets/public-key {"message":"Not Found","documentation_url":"https://docs.github.com/rest"}
[info] 
[info] 
[error] !  The provided authorization cannot be used with this repository. If this repository is in an organization, did you remember to grant access? 
[info] 
[info] i  Action required: Visit this URL to ensure access has been granted to the appropriate organization(s) for the Firebase CLI GitHub OAuth App: 
[info] https://github.com/settings/connections/applications/89cf50f02ac6aaed3484
[info] 
[debug] [2023-07-02T03:51:42.619Z] >>> [apiv2][query] GET https://api.github.com/repos/   }/actions/secrets/public-key type=owner
[debug] [2023-07-02T03:51:42.883Z] >>> [apiv2][query] GET https://api.github.com/repos//actions/secrets/public-key type=owner
[debug] [2023-07-02T03:51:42.924Z] <<< [apiv2][status] GET https://api.github.com/repos/   }/actions/secrets/public-key 404
[debug] [2023-07-02T03:51:42.924Z] <<< [apiv2][body] GET https://api.github.com/repos/   }/actions/secrets/public-key {"message":"Not Found","documentation_url":"https://docs.github.com/rest"}
[info] 
[info] 
[error] !  The provided authorization cannot be used with this repository. If this repository is in an organization, did you remember to grant access? 
[info] 
[info] i  Action required: Visit this URL to ensure access has been granted to the appropriate organization(s) for the Firebase CLI GitHub OAuth App: 
[info] https://github.com/settings/connections/applications/89cf50f02ac6aaed3484
[info] 
[debug] [2023-07-02T03:51:43.106Z] >>> [apiv2][query] GET https://api.github.com/repos/   }/actions/secrets/public-key type=owner
[debug] [2023-07-02T03:51:43.172Z] <<< [apiv2][status] GET https://api.github.com/repos//actions/secrets/public-key 404
[debug] [2023-07-02T03:51:43.172Z] <<< [apiv2][body] GET https://api.github.com/repos//actions/secrets/public-key {"message":"Not Found","documentation_url":"https://docs.github.com/rest"}
[info] 
[info] 
[error] !  The provided authorization cannot be used with this repository. If this repository is in an organization, did you remember to grant access? 
[info] 
[info] i  Action required: Visit this URL to ensure access has been granted to the appropriate organization(s) for the Firebase CLI GitHub OAuth App: 
[info] https://github.com/settings/connections/applications/89cf50f02ac6aaed3484
[info] 
[debug] [2023-07-02T03:51:43.316Z] >>> [apiv2][query] GET https://api.github.com/repos//actions/secrets/public-key type=owner
[debug] [2023-07-02T03:51:43.413Z] <<< [apiv2][status] GET https://api.github.com/repos/   }/actions/secrets/public-key 404
[debug] [2023-07-02T03:51:43.413Z] <<< [apiv2][body] GET https://api.github.com/repos/   }/actions/secrets/public-key {"message":"Not Found","documentation_url":"https://docs.github.com/rest"}
[info] 
[info] 
[error] !  The provided authorization cannot be used with this repository. If this repository is in an organization, did you remember to grant access? 
[info] 
[info] i  Action required: Visit this URL to ensure access has been granted to the appropriate organization(s) for the Firebase CLI GitHub OAuth App: 
[info] https://github.com/settings/connections/applications/89cf50f02ac6aaed3484
[info] 
[debug] [2023-07-02T03:51:43.500Z] >>> [apiv2][query] GET https://api.github.com/repos/   }/actions/secrets/public-key type=owner
[debug] [2023-07-02T03:51:43.605Z] <<< [apiv2][status] GET https://api.github.com/repos//actions/secrets/public-key 404
[debug] [2023-07-02T03:51:43.605Z] <<< [apiv2][body] GET https://api.github.com/repos//actions/secrets/public-key {"message":"Not Found","documentation_url":"https://docs.github.com/rest"}
[info] 
[info] 
[error] !  The provided authorization cannot be used with this repository. If this repository is in an organization, did you remember to grant access? 
[info] 
[info] i  Action required: Visit this URL to ensure access has been granted to the appropriate organization(s) for the Firebase CLI GitHub OAuth App: 
[info] https://github.com/settings/connections/applications/89cf50f02ac6aaed3484
[info] 
[debug] [2023-07-02T03:51:43.701Z] >>> [apiv2][query] GET https://api.github.com/repos//actions/secrets/public-key type=owner
[debug] [2023-07-02T03:51:43.796Z] <<< [apiv2][status] GET https://api.github.com/repos/   }/actions/secrets/public-key 404
[debug] [2023-07-02T03:51:43.797Z] <<< [apiv2][body] GET https://api.github.com/repos/   }/actions/secrets/public-key {"message":"Not Found","documentation_url":"https://docs.github.com/rest"}
[info] 
[info] 
[error] !  The provided authorization cannot be used with this repository. If this repository is in an organization, did you remember to grant access? 
[info] 
[info] i  Action required: Visit this URL to ensure access has been granted to the appropriate organization(s) for the Firebase CLI GitHub OAuth App: 
[info] https://github.com/settings/connections/applications/89cf50f02ac6aaed3484
[info] 
[debug] [2023-07-02T03:51:43.917Z] >>> [apiv2][query] GET https://api.github.com/repos/   }/actions/secrets/public-key type=owner
[debug] [2023-07-02T03:51:43.991Z] <<< [apiv2][status] GET https://api.github.com/repos//actions/secrets/public-key 404
[debug] [2023-07-02T03:51:43.991Z] <<< [apiv2][body] GET https://api.github.com/repos//actions/secrets/public-key {"message":"Not Found","documentation_url":"https://docs.github.com/rest"}
[info] 
[info] 
[error] !  The provided authorization cannot be used with this repository. If this repository is in an organization, did you remember to grant access? 
[info] 
[info] i  Action required: Visit this URL to ensure access has been granted to the appropriate organization(s) for the Firebase CLI GitHub OAuth App: 
[info] https://github.com/settings/connections/applications/89cf50f02ac6aaed3484
[info] 
[debug] [2023-07-02T03:51:44.218Z] <<< [apiv2][status] GET https://api.github.com/repos/   }/actions/secrets/public-key 404
[debug] [2023-07-02T03:51:44.218Z] <<< [apiv2][body] GET https://api.github.com/repos/   }/actions/secrets/public-key {"message":"Not Found","documentation_url":"https://docs.github.com/rest"}
[info] 
[info] 
[error] !  The provided authorization cannot be used with this repository. If this repository is in an organization, did you remember to grant access? 
[info] 
[info] i  Action required: Visit this URL to ensure access has been granted to the appropriate organization(s) for the Firebase CLI GitHub OAuth App: 
[info] https://github.com/settings/connections/applications/89cf50f02ac6aaed3484
[info] 
[debug] [2023-07-02T03:51:44.302Z] >>> [apiv2][query] GET https://api.github.com/repos/   }/actions/secrets/public-key type=owner
[debug] [2023-07-02T03:51:44.606Z] <<< [apiv2][status] GET https://api.github.com/repos/   }/actions/secrets/public-key 404
[debug] [2023-07-02T03:51:44.606Z] <<< [apiv2][body] GET https://api.github.com/repos/   }/actions/secrets/public-key {"message":"Not Found","documentation_url":"https://docs.github.com/rest"}
[info] 
[info] 
[error] !  The provided authorization cannot be used with this repository. If this repository is in an organization, did you remember to grant access? 
[info] 
[info] i  Action required: Visit this URL to ensure access has been granted to the appropriate organization(s) for the Firebase CLI GitHub OAuth App: 
[info] https://github.com/settings/connections/applications/89cf50f02ac6aaed3484
[info] 
[debug] [2023-07-02T03:51:45.108Z] >>> [apiv2][query] GET https://api.github.com/repos/   }/actions/secrets/public-key type=owner
[debug] [2023-07-02T03:51:45.418Z] <<< [apiv2][status] GET https://api.github.com/repos/   }/actions/secrets/public-key 404
[debug] [2023-07-02T03:51:45.419Z] <<< [apiv2][body] GET https://api.github.com/repos/   }/actions/secrets/public-key {"message":"Not Found","documentation_url":"https://docs.github.com/rest"}
[info] 
[info] 
[error] !  The provided authorization cannot be used with this repository. If this repository is in an organization, did you remember to grant access? 
[info] 
[info] i  Action required: Visit this URL to ensure access has been granted to the appropriate organization(s) for the Firebase CLI GitHub OAuth App: 
[info] https://github.com/settings/connections/applications/89cf50f02ac6aaed3484
[info] 
[debug] [2023-07-02T03:51:47.905Z] >>> [apiv2][query] GET https://api.github.com/repos//actions/secrets/public-key type=owner
[debug] [2023-07-02T03:51:48.089Z] >>> [apiv2][query] GET https://api.github.com/repos//actions/secrets/public-key type=owner
[debug] [2023-07-02T03:51:48.194Z] <<< [apiv2][status] GET https://api.github.com/repos//actions/secrets/public-key 404
[debug] [2023-07-02T03:51:48.194Z] <<< [apiv2][body] GET https://api.github.com/repos//actions/secrets/public-key {"message":"Not Found","documentation_url":"https://docs.github.com/rest"}
[info] 
[info] 
[error] !  The provided authorization cannot be used with this repository. If this repository is in an organization, did you remember to grant access? 
[info] 
[info] i  Action required: Visit this URL to ensure access has been granted to the appropriate organization(s) for the Firebase CLI GitHub OAuth App: 
[info] https://github.com/settings/connections/applications/89cf50f02ac6aaed3484
[info] 
[debug] [2023-07-02T03:51:48.260Z] >>> [apiv2][query] GET https://api.github.com/repos//actions/secrets/public-key type=owner
[debug] [2023-07-02T03:51:48.370Z] <<< [apiv2][status] GET https://api.github.com/repos//actions/secrets/public-key 404
[debug] [2023-07-02T03:51:48.370Z] <<< [apiv2][body] GET https://api.github.com/repos//actions/secrets/public-key {"message":"Not Found","documentation_url":"https://docs.github.com/rest"}
[info] 
[info] 
[error] !  The provided authorization cannot be used with this repository. If this repository is in an organization, did you remember to grant access? 
[info] 
[info] i  Action required: Visit this URL to ensure access has been granted to the appropriate organization(s) for the Firebase CLI GitHub OAuth App: 
[info] https://github.com/settings/connections/applications/89cf50f02ac6aaed3484
[info] 
[debug] [2023-07-02T03:51:48.438Z] >>> [apiv2][query] GET https://api.github.com/repos//actions/secrets/public-key type=owner
[debug] [2023-07-02T03:51:48.584Z] <<< [apiv2][status] GET https://api.github.com/repos//actions/secrets/public-key 404
[debug] [2023-07-02T03:51:48.584Z] <<< [apiv2][body] GET https://api.github.com/repos//actions/secrets/public-key {"message":"Not Found","documentation_url":"https://docs.github.com/rest"}
[info] 
[info] 
[error] !  The provided authorization cannot be used with this repository. If this repository is in an organization, did you remember to grant access? 
[info] 
[info] i  Action required: Visit this URL to ensure access has been granted to the appropriate organization(s) for the Firebase CLI GitHub OAuth App: 
[info] https://github.com/settings/connections/applications/89cf50f02ac6aaed3484
[info] 
[debug] [2023-07-02T03:51:48.608Z] >>> [apiv2][query] GET https://api.github.com/repos//actions/secrets/public-key type=owner
[debug] [2023-07-02T03:51:48.723Z] <<< [apiv2][status] GET https://api.github.com/repos//actions/secrets/public-key 404
[debug] [2023-07-02T03:51:48.724Z] <<< [apiv2][body] GET https://api.github.com/repos//actions/secrets/public-key {"message":"Not Found","documentation_url":"https://docs.github.com/rest"}
[info] 
[info] 
[error] !  The provided authorization cannot be used with this repository. If this repository is in an organization, did you remember to grant access? 
[info] 
[info] i  Action required: Visit this URL to ensure access has been granted to the appropriate organization(s) for the Firebase CLI GitHub OAuth App: 
[info] https://github.com/settings/connections/applications/89cf50f02ac6aaed3484
[info] 
[debug] [2023-07-02T03:51:48.773Z] >>> [apiv2][query] GET https://api.github.com/repos//actions/secrets/public-key type=owner
[debug] [2023-07-02T03:51:48.882Z] <<< [apiv2][status] GET https://api.github.com/repos//actions/secrets/public-key 404
[debug] [2023-07-02T03:51:48.882Z] <<< [apiv2][body] GET https://api.github.com/repos//actions/secrets/public-key {"message":"Not Found","documentation_url":"https://docs.github.com/rest"}
[info] 
[info] 
[error] !  The provided authorization cannot be used with this repository. If this repository is in an organization, did you remember to grant access? 
[info] 
[info] i  Action required: Visit this URL to ensure access has been granted to the appropriate organization(s) for the Firebase CLI GitHub OAuth App: 
[info] https://github.com/settings/connections/applications/89cf50f02ac6aaed3484
[info] 
[debug] [2023-07-02T03:51:48.930Z] >>> [apiv2][query] GET https://api.github.com/repos//actions/secrets/public-key type=owner
[debug] [2023-07-02T03:51:49.057Z] <<< [apiv2][status] GET https://api.github.com/repos//actions/secrets/public-key 404
[debug] [2023-07-02T03:51:49.057Z] <<< [apiv2][body] GET https://api.github.com/repos//actions/secrets/public-key {"message":"Not Found","documentation_url":"https://docs.github.com/rest"}
[info] 
[info] 
[error] !  The provided authorization cannot be used with this repository. If this repository is in an organization, did you remember to grant access? 
[info] 
[info] i  Action required: Visit this URL to ensure access has been granted to the appropriate organization(s) for the Firebase CLI GitHub OAuth App: 
[info] https://github.com/settings/connections/applications/89cf50f02ac6aaed3484
[info] 
[debug] [2023-07-02T03:51:49.090Z] >>> [apiv2][query] GET https://api.github.com/repos//actions/secrets/public-key type=owner
[debug] [2023-07-02T03:51:49.216Z] <<< [apiv2][status] GET https://api.github.com/repos//actions/secrets/public-key 404
[debug] [2023-07-02T03:51:49.216Z] <<< [apiv2][body] GET https://api.github.com/repos//actions/secrets/public-key {"message":"Not Found","documentation_url":"https://docs.github.com/rest"}
[info] 
[info] 
[error] !  The provided authorization cannot be used with this repository. If this repository is in an organization, did you remember to grant access? 
[info] 
[info] i  Action required: Visit this URL to ensure access has been granted to the appropriate organization(s) for the Firebase CLI GitHub OAuth App: 
[info] https://github.com/settings/connections/applications/89cf50f02ac6aaed3484
[info] 
[debug] [2023-07-02T03:51:49.250Z] >>> [apiv2][query] GET https://api.github.com/repos//actions/secrets/public-key type=owner
[debug] [2023-07-02T03:51:49.385Z] <<< [apiv2][status] GET https://api.github.com/repos//actions/secrets/public-key 404
[debug] [2023-07-02T03:51:49.385Z] <<< [apiv2][body] GET https://api.github.com/repos//actions/secrets/public-key {"message":"Not Found","documentation_url":"https://docs.github.com/rest"}
[info] 
[info] 
[error] !  The provided authorization cannot be used with this repository. If this repository is in an organization, did you remember to grant access? 
[info] 
[info] i  Action required: Visit this URL to ensure access has been granted to the appropriate organization(s) for the Firebase CLI GitHub OAuth App: 
[info] https://github.com/settings/connections/applications/89cf50f02ac6aaed3484
[info] 
[debug] [2023-07-02T03:51:49.410Z] >>> [apiv2][query] GET https://api.github.com/repos//actions/secrets/public-key type=owner
[debug] [2023-07-02T03:51:49.539Z] <<< [apiv2][status] GET https://api.github.com/repos//actions/secrets/public-key 404
[debug] [2023-07-02T03:51:49.542Z] <<< [apiv2][body] GET https://api.github.com/repos//actions/secrets/public-key {"message":"Not Found","documentation_url":"https://docs.github.com/rest"}
[info] 
[info] 
[error] !  The provided authorization cannot be used with this repository. If this repository is in an organization, did you remember to grant access? 
[info] 
[info] i  Action required: Visit this URL to ensure access has been granted to the appropriate organization(s) for the Firebase CLI GitHub OAuth App: 
[info] https://github.com/settings/connections/applications/89cf50f02ac6aaed3484
[info] 
[debug] [2023-07-02T03:51:49.573Z] >>> [apiv2][query] GET https://api.github.com/repos//actions/secrets/public-key type=owner
[debug] [2023-07-02T03:51:49.848Z] <<< [apiv2][status] GET https://api.github.com/repos//actions/secrets/public-key 404
[debug] [2023-07-02T03:51:49.848Z] <<< [apiv2][body] GET https://api.github.com/repos//actions/secrets/public-key {"message":"Not Found","documentation_url":"https://docs.github.com/rest"}
[info] 
[info] 
[error] !  The provided authorization cannot be used with this repository. If this repository is in an organization, did you remember to grant access? 
[info] 
[info] i  Action required: Visit this URL to ensure access has been granted to the appropriate organization(s) for the Firebase CLI GitHub OAuth App: 
[info] https://github.com/settings/connections/applications/89cf50f02ac6aaed3484
[info] 
[debug] [2023-07-02T03:51:50.102Z] >>> [apiv2][query] GET https://api.github.com/repos//actions/secrets/public-key type=owner
[debug] [2023-07-02T03:51:50.383Z] <<< [apiv2][status] GET https://api.github.com/repos//actions/secrets/public-key 404
[debug] [2023-07-02T03:51:50.384Z] <<< [apiv2][body] GET https://api.github.com/repos//actions/secrets/public-key {"message":"Not Found","documentation_url":"https://docs.github.com/rest"}
[info] 
[info] 
[error] !  The provided authorization cannot be used with this repository. If this repository is in an organization, did you remember to grant access? 
[info] 
[info] i  Action required: Visit this URL to ensure access has been granted to the appropriate organization(s) for the Firebase CLI GitHub OAuth App: 
[info] https://github.com/settings/connections/applications/89cf50f02ac6aaed3484
[info] 
[debug] [2023-07-02T03:51:50.710Z] <<< [apiv2][status] GET https://api.github.com/repos//actions/secrets/public-key 404
[debug] [2023-07-02T03:51:50.711Z] <<< [apiv2][body] GET https://api.github.com/repos//actions/secrets/public-key {"message":"Not Found","documentation_url":"https://docs.github.com/rest"}
[info] 
[info] 
[error] !  The provided authorization cannot be used with this repository. If this repository is in an organization, did you remember to grant access? 
[info] 
[info] i  Action required: Visit this URL to ensure access has been granted to the appropriate organization(s) for the Firebase CLI GitHub OAuth App: 
[info] https://github.com/settings/connections/applications/89cf50f02ac6aaed3484
[info] 
[debug] [2023-07-02T03:51:52.632Z] >>> [apiv2][query] GET https://api.github.com/repos/}/actions/secrets/public-key type=owner
[debug] [2023-07-02T03:51:52.940Z] <<< [apiv2][status] GET https://api.github.com/repos/}/actions/secrets/public-key 404
[debug] [2023-07-02T03:51:52.940Z] <<< [apiv2][body] GET https://api.github.com/repos/}/actions/secrets/public-key {"message":"Not Found","documentation_url":"https://docs.github.com/rest"}
[info] 
[info] 
[error] !  The provided authorization cannot be used with this repository. If this repository is in an organization, did you remember to grant access? 
[info] 
[info] i  Action required: Visit this URL to ensure access has been granted to the appropriate organization(s) for the Firebase CLI GitHub OAuth App: 
[info] https://github.com/settings/connections/applications/89cf50f02ac6aaed3484
[info] 
[debug] [2023-07-02T03:51:52.950Z] >>> [apiv2][query] GET https://api.github.com/repos/}/actions/secrets/public-key type=owner
[debug] [2023-07-02T03:51:53.207Z] >>> [apiv2][query] GET https://api.github.com/repos//actions/secrets/public-key type=owner
[debug] [2023-07-02T03:51:53.242Z] <<< [apiv2][status] GET https://api.github.com/repos/}/actions/secrets/public-key 404
[debug] [2023-07-02T03:51:53.242Z] <<< [apiv2][body] GET https://api.github.com/repos/}/actions/secrets/public-key {"message":"Not Found","documentation_url":"https://docs.github.com/rest"}
[info] 
[info] 
[error] !  The provided authorization cannot be used with this repository. If this repository is in an organization, did you remember to grant access? 
[info] 
[info] i  Action required: Visit this URL to ensure access has been granted to the appropriate organization(s) for the Firebase CLI GitHub OAuth App: 
[info] https://github.com/settings/connections/applications/89cf50f02ac6aaed3484
[info] 
[debug] [2023-07-02T03:51:53.444Z] >>> [apiv2][query] GET https://api.github.com/repos/}/actions/secrets/public-key type=owner
[debug] [2023-07-02T03:51:53.549Z] <<< [apiv2][status] GET https://api.github.com/repos//actions/secrets/public-key 404
[debug] [2023-07-02T03:51:53.550Z] <<< [apiv2][body] GET https://api.github.com/repos//actions/secrets/public-key {"message":"Not Found","documentation_url":"https://docs.github.com/rest"}
[info] 
[info] 
[error] !  The provided authorization cannot be used with this repository. If this repository is in an organization, did you remember to grant access? 
[info] 
[info] i  Action required: Visit this URL to ensure access has been granted to the appropriate organization(s) for the Firebase CLI GitHub OAuth App: 
[info] https://github.com/settings/connections/applications/89cf50f02ac6aaed3484
[info] 
[debug] [2023-07-02T03:51:53.704Z] >>> [apiv2][query] GET https://api.github.com/repos//actions/secrets/public-key type=owner
[debug] [2023-07-02T03:51:53.739Z] <<< [apiv2][status] GET https://api.github.com/repos/}/actions/secrets/public-key 404
[debug] [2023-07-02T03:51:53.739Z] <<< [apiv2][body] GET https://api.github.com/repos/}/actions/secrets/public-key {"message":"Not Found","documentation_url":"https://docs.github.com/rest"}
[info] 
[info] 
[error] !  The provided authorization cannot be used with this repository. If this repository is in an organization, did you remember to grant access? 
[info] 
[info] i  Action required: Visit this URL to ensure access has been granted to the appropriate organization(s) for the Firebase CLI GitHub OAuth App: 
[info] https://github.com/settings/connections/applications/89cf50f02ac6aaed3484
[info] 
[debug] [2023-07-02T03:51:53.934Z] >>> [apiv2][query] GET https://api.github.com/repos/}/actions/secrets/public-key type=owner
[debug] [2023-07-02T03:51:54.239Z] <<< [apiv2][status] GET https://api.github.com/repos/}/actions/secrets/public-key 404
[debug] [2023-07-02T03:51:54.240Z] <<< [apiv2][body] GET https://api.github.com/repos/}/actions/secrets/public-key {"message":"Not Found","documentation_url":"https://docs.github.com/rest"}
[info] 
[info] 
[error] !  The provided authorization cannot be used with this repository. If this repository is in an organization, did you remember to grant access? 
[info] 
[info] i  Action required: Visit this URL to ensure access has been granted to the appropriate organization(s) for the Firebase CLI GitHub OAuth App: 
[info] https://github.com/settings/connections/applications/89cf50f02ac6aaed3484
[info] 
[debug] [2023-07-02T03:51:54.257Z] >>> [apiv2][query] GET https://api.github.com/repos/}/actions/secrets/public-key type=owner
[debug] [2023-07-02T03:51:54.260Z] <<< [apiv2][status] GET https://api.github.com/repos//actions/secrets/public-key 404
[debug] [2023-07-02T03:51:54.261Z] <<< [apiv2][body] GET https://api.github.com/repos//actions/secrets/public-key {"message":"Not Found","documentation_url":"https://docs.github.com/rest"}
[info] 
[info] 
[error] !  The provided authorization cannot be used with this repository. If this repository is in an organization, did you remember to grant access? 
[info] 
[info] i  Action required: Visit this URL to ensure access has been granted to the appropriate organization(s) for the Firebase CLI GitHub OAuth App: 
[info] https://github.com/settings/connections/applications/89cf50f02ac6aaed3484
[info] 
[debug] [2023-07-02T03:51:54.493Z] >>> [apiv2][query] GET https://api.github.com/repos//actions/secrets/public-key type=owner
[debug] [2023-07-02T03:51:54.546Z] <<< [apiv2][status] GET https://api.github.com/repos/}/actions/secrets/public-key 404
[debug] [2023-07-02T03:51:54.547Z] <<< [apiv2][body] GET https://api.github.com/repos/}/actions/secrets/public-key {"message":"Not Found","documentation_url":"https://docs.github.com/rest"}
[info] 
[info] 
[error] !  The provided authorization cannot be used with this repository. If this repository is in an organization, did you remember to grant access? 
[info] 
[info] i  Action required: Visit this URL to ensure access has been granted to the appropriate organization(s) for the Firebase CLI GitHub OAuth App: 
[info] https://github.com/settings/connections/applications/89cf50f02ac6aaed3484
[info] 
[debug] [2023-07-02T03:51:54.714Z] >>> [apiv2][query] GET https://api.github.com/repos/}/actions/secrets/public-key type=owner
[debug] [2023-07-02T03:51:54.778Z] <<< [apiv2][status] GET https://api.github.com/repos//actions/secrets/public-key 404
[debug] [2023-07-02T03:51:54.778Z] <<< [apiv2][body] GET https://api.github.com/repos//actions/secrets/public-key {"message":"Not Found","documentation_url":"https://docs.github.com/rest"}
[info] 
[info] 
[error] !  The provided authorization cannot be used with this repository. If this repository is in an organization, did you remember to grant access? 
[info] 
[info] i  Action required: Visit this URL to ensure access has been granted to the appropriate organization(s) for the Firebase CLI GitHub OAuth App: 
[info] https://github.com/settings/connections/applications/89cf50f02ac6aaed3484
[info] 
[debug] [2023-07-02T03:51:54.997Z] <<< [apiv2][status] GET https://api.github.com/repos/}/actions/secrets/public-key 404
[debug] [2023-07-02T03:51:54.997Z] <<< [apiv2][body] GET https://api.github.com/repos/}/actions/secrets/public-key {"message":"Not Found","documentation_url":"https://docs.github.com/rest"}
[info] 
[info] 
[error] !  The provided authorization cannot be used with this repository. If this repository is in an organization, did you remember to grant access? 
[info] 
[info] i  Action required: Visit this URL to ensure access has been granted to the appropriate organization(s) for the Firebase CLI GitHub OAuth App: 
[info] https://github.com/settings/connections/applications/89cf50f02ac6aaed3484
[info] 
[debug] [2023-07-02T03:52:19.970Z] >>> [apiv2][query] GET https://api.github.com/repos/}/actions/secrets/public-key type=owner
[debug] [2023-07-02T03:52:20.252Z] >>> [apiv2][query] GET https://api.github.com/repos//actions/secrets/public-key type=owner
[debug] [2023-07-02T03:52:20.268Z] <<< [apiv2][status] GET https://api.github.com/repos/}/actions/secrets/public-key 404
[debug] [2023-07-02T03:52:20.268Z] <<< [apiv2][body] GET https://api.github.com/repos/}/actions/secrets/public-key {"message":"Not Found","documentation_url":"https://docs.github.com/rest"}
[info] 
[info] 
[error] !  The provided authorization cannot be used with this repository. If this repository is in an organization, did you remember to grant access? 
[info] 
[info] i  Action required: Visit this URL to ensure access has been granted to the appropriate organization(s) for the Firebase CLI GitHub OAuth App: 
[info] https://github.com/settings/connections/applications/89cf50f02ac6aaed3484
[info] 
[debug] [2023-07-02T03:52:20.540Z] <<< [apiv2][status] GET https://api.github.com/repos//actions/secrets/public-key 404
[debug] [2023-07-02T03:52:20.540Z] <<< [apiv2][body] GET https://api.github.com/repos//actions/secrets/public-key {"message":"Not Found","documentation_url":"https://docs.github.com/rest"}
[info] 
[info] 
[error] !  The provided authorization cannot be used with this repository. If this repository is in an organization, did you remember to grant access? 
[info] 
[info] i  Action required: Visit this URL to ensure access has been granted to the appropriate organization(s) for the Firebase CLI GitHub OAuth App: 
[info] https://github.com/settings/connections/applications/89cf50f02ac6aaed3484
[info] 
[debug] [2023-07-02T03:52:20.976Z] >>> [apiv2][query] GET https://api.github.com/repos/}/actions/secrets/public-key type=owner
[debug] [2023-07-02T03:52:21.274Z] <<< [apiv2][status] GET https://api.github.com/repos/}/actions/secrets/public-key 404
[debug] [2023-07-02T03:52:21.275Z] <<< [apiv2][body] GET https://api.github.com/repos/}/actions/secrets/public-key {"message":"Not Found","documentation_url":"https://docs.github.com/rest"}
[info] 
[info] 
[error] !  The provided authorization cannot be used with this repository. If this repository is in an organization, did you remember to grant access? 
[info] 
[info] i  Action required: Visit this URL to ensure access has been granted to the appropriate organization(s) for the Firebase CLI GitHub OAuth App: 
[info] https://github.com/settings/connections/applications/89cf50f02ac6aaed3484
[info] 
[debug] [2023-07-02T03:52:21.468Z] >>> [apiv2][query] GET https://api.github.com/repos/}/actions/secrets/public-key type=owner
[debug] [2023-07-02T03:52:21.757Z] <<< [apiv2][status] GET https://api.github.com/repos/}/actions/secrets/public-key 404
[debug] [2023-07-02T03:52:21.757Z] <<< [apiv2][body] GET https://api.github.com/repos/}/actions/secrets/public-key {"message":"Not Found","documentation_url":"https://docs.github.com/rest"}
[info] 
[info] 
[error] !  The provided authorization cannot be used with this repository. If this repository is in an organization, did you remember to grant access? 
[info] 
[info] i  Action required: Visit this URL to ensure access has been granted to the appropriate organization(s) for the Firebase CLI GitHub OAuth App: 
[info] https://github.com/settings/connections/applications/89cf50f02ac6aaed3484
[info] 
[debug] [2023-07-02T03:52:21.850Z] >>> [apiv2][query] GET https://api.github.com/repos/}/actions/secrets/public-key type=owner
[debug] [2023-07-02T03:52:22.146Z] <<< [apiv2][status] GET https://api.github.com/repos/}/actions/secrets/public-key 404
[debug] [2023-07-02T03:52:22.147Z] <<< [apiv2][body] GET https://api.github.com/repos/}/actions/secrets/public-key {"message":"Not Found","documentation_url":"https://docs.github.com/rest"}
[info] 
[info] 
[error] !  The provided authorization cannot be used with this repository. If this repository is in an organization, did you remember to grant access? 
[info] 
[info] i  Action required: Visit this URL to ensure access has been granted to the appropriate organization(s) for the Firebase CLI GitHub OAuth App: 
[info] https://github.com/settings/connections/applications/89cf50f02ac6aaed3484
[info] 
[debug] [2023-07-02T03:52:22.190Z] >>> [apiv2][query] GET https://api.github.com/repos/}/actions/secrets/public-key type=owner
[debug] [2023-07-02T03:52:22.481Z] <<< [apiv2][status] GET https://api.github.com/repos/}/actions/secrets/public-key 404
[debug] [2023-07-02T03:52:22.482Z] <<< [apiv2][body] GET https://api.github.com/repos/}/actions/secrets/public-key {"message":"Not Found","documentation_url":"https://docs.github.com/rest"}
[info] 
[info] 
[error] !  The provided authorization cannot be used with this repository. If this repository is in an organization, did you remember to grant access? 
[info] 
[info] i  Action required: Visit this URL to ensure access has been granted to the appropriate organization(s) for the Firebase CLI GitHub OAuth App: 
[info] https://github.com/settings/connections/applications/89cf50f02ac6aaed3484
[info] 
[debug] [2023-07-02T03:52:22.818Z] >>> [apiv2][query] GET https://api.github.com/repos/}/actions/secrets/public-key type=owner
[debug] [2023-07-02T03:52:23.111Z] <<< [apiv2][status] GET https://api.github.com/repos/}/actions/secrets/public-key 404
[debug] [2023-07-02T03:52:23.112Z] <<< [apiv2][body] GET https://api.github.com/repos/}/actions/secrets/public-key {"message":"Not Found","documentation_url":"https://docs.github.com/rest"}
[info] 
[info] 
[error] !  The provided authorization cannot be used with this repository. If this repository is in an organization, did you remember to grant access? 
[info] 
[info] i  Action required: Visit this URL to ensure access has been granted to the appropriate organization(s) for the Firebase CLI GitHub OAuth App: 
[info] https://github.com/settings/connections/applications/89cf50f02ac6aaed3484
[info] 
[debug] [2023-07-02T03:54:06.065Z] >>> [apiv2][query] GET https://api.github.com/repos/}/actions/secrets/public-key type=owner
[debug] [2023-07-02T03:54:06.262Z] >>> [apiv2][query] GET https://api.github.com/repos//actions/secrets/public-key type=owner
[debug] [2023-07-02T03:54:06.364Z] <<< [apiv2][status] GET https://api.github.com/repos/}/actions/secrets/public-key 404
[debug] [2023-07-02T03:54:06.364Z] <<< [apiv2][body] GET https://api.github.com/repos/}/actions/secrets/public-key {"message":"Not Found","documentation_url":"https://docs.github.com/rest"}
[info] 
[info] 
[error] !  The provided authorization cannot be used with this repository. If this repository is in an organization, did you remember to grant access? 
[info] 
[info] i  Action required: Visit this URL to ensure access has been granted to the appropriate organization(s) for the Firebase CLI GitHub OAuth App: 
[info] https://github.com/settings/connections/applications/89cf50f02ac6aaed3484
[info] 
[debug] [2023-07-02T03:54:06.536Z] <<< [apiv2][status] GET https://api.github.com/repos//actions/secrets/public-key 404
[debug] [2023-07-02T03:54:06.537Z] <<< [apiv2][body] GET https://api.github.com/repos//actions/secrets/public-key {"message":"Not Found","documentation_url":"https://docs.github.com/rest"}
[info] 
[info] 
[error] !  The provided authorization cannot be used with this repository. If this repository is in an organization, did you remember to grant access? 
[info] 
[info] i  Action required: Visit this URL to ensure access has been granted to the appropriate organization(s) for the Firebase CLI GitHub OAuth App: 
[info] https://github.com/settings/connections/applications/89cf50f02ac6aaed3484
[info] 
[debug] [2023-07-02T03:54:07.084Z] >>> [apiv2][query] GET https://api.github.com/repos/}/actions/secrets/public-key type=owner
[debug] [2023-07-02T03:54:07.380Z] <<< [apiv2][status] GET https://api.github.com/repos/}/actions/secrets/public-key 404
[debug] [2023-07-02T03:54:07.381Z] <<< [apiv2][body] GET https://api.github.com/repos/}/actions/secrets/public-key {"message":"Not Found","documentation_url":"https://docs.github.com/rest"}
[info] 
[info] 
[error] !  The provided authorization cannot be used with this repository. If this repository is in an organization, did you remember to grant access? 
[info] 
[info] i  Action required: Visit this URL to ensure access has been granted to the appropriate organization(s) for the Firebase CLI GitHub OAuth App: 
[info] https://github.com/settings/connections/applications/89cf50f02ac6aaed3484
[info] 
[debug] [2023-07-02T03:55:19.921Z] >>> [apiv2][query] GET https://api.github.com/repos/}}/actions/secrets/public-key type=owner
[debug] [2023-07-02T03:55:20.216Z] <<< [apiv2][status] GET https://api.github.com/repos/}}/actions/secrets/public-key 404
[debug] [2023-07-02T03:55:20.216Z] <<< [apiv2][body] GET https://api.github.com/repos/}}/actions/secrets/public-key {"message":"Not Found","documentation_url":"https://docs.github.com/rest"}
[info] 
[info] 
[error] !  The provided authorization cannot be used with this repository. If this repository is in an organization, did you remember to grant access? 
[info] 
[info] i  Action required: Visit this URL to ensure access has been granted to the appropriate organization(s) for the Firebase CLI GitHub OAuth App: 
[info] https://github.com/settings/connections/applications/89cf50f02ac6aaed3484
[info] 
[debug] [2023-07-02T03:55:22.303Z] >>> [apiv2][query] GET https://api.github.com/repos/}/actions/secrets/public-key type=owner
[debug] [2023-07-02T03:55:22.606Z] <<< [apiv2][status] GET https://api.github.com/repos/}/actions/secrets/public-key 404
[debug] [2023-07-02T03:55:22.607Z] <<< [apiv2][body] GET https://api.github.com/repos/}/actions/secrets/public-key {"message":"Not Found","documentation_url":"https://docs.github.com/rest"}
[info] 
[info] 
[error] !  The provided authorization cannot be used with this repository. If this repository is in an organization, did you remember to grant access? 
[info] 
[info] i  Action required: Visit this URL to ensure access has been granted to the appropriate organization(s) for the Firebase CLI GitHub OAuth App: 
[info] https://github.com/settings/connections/applications/89cf50f02ac6aaed3484
[info] 
[debug] [2023-07-02T04:02:24.023Z] >>> [apiv2][query] GET https://api.github.com/repos/}/actions/secrets/public-key type=owner
[debug] [2023-07-02T04:02:24.568Z] <<< [apiv2][status] GET https://api.github.com/repos/}/actions/secrets/public-key 404
[debug] [2023-07-02T04:02:24.568Z] <<< [apiv2][body] GET https://api.github.com/repos/}/actions/secrets/public-key {"message":"Not Found","documentation_url":"https://docs.github.com/rest"}
[info] 
[info] 
[error] !  The provided authorization cannot be used with this repository. If this repository is in an organization, did you remember to grant access? 
[info] 
[info] i  Action required: Visit this URL to ensure access has been granted to the appropriate organization(s) for the Firebase CLI GitHub OAuth App: 
[info] https://github.com/settings/connections/applications/89cf50f02ac6aaed3484
[info] 
[debug] [2023-07-02T04:03:08.974Z] >>> [apiv2][query] GET https://api.github.com/repos/}firebase deploy/actions/secrets/public-key type=owner
[debug] [2023-07-02T04:03:09.274Z] <<< [apiv2][status] GET https://api.github.com/repos/}firebase deploy/actions/secrets/public-key 404
[debug] [2023-07-02T04:03:09.274Z] <<< [apiv2][body] GET https://api.github.com/repos/}firebase deploy/actions/secrets/public-key {"message":"Not Found","documentation_url":"https://docs.github.com/rest"}
[info] 
[info] 
[error] !  The provided authorization cannot be used with this repository. If this repository is in an organization, did you remember to grant access? 
[info] 
[info] i  Action required: Visit this URL to ensure access has been granted to the appropriate organization(s) for the Firebase CLI GitHub OAuth App: 
[info] https://github.com/settings/connections/applications/89cf50f02ac6aaed3484
[info] 
[debug] [2023-07-02T04:03:12.415Z] >>> [apiv2][query] GET https://api.github.com/repos/}firebase deploy/actions/secrets/public-key type=owner
[debug] [2023-07-02T04:03:12.714Z] <<< [apiv2][status] GET https://api.github.com/repos/}firebase deploy/actions/secrets/public-key 404
[debug] [2023-07-02T04:03:12.715Z] <<< [apiv2][body] GET https://api.github.com/repos/}firebase deploy/actions/secrets/public-key {"message":"Not Found","documentation_url":"https://docs.github.com/rest"}
[info] 
[info] 
[error] !  The provided authorization cannot be used with this repository. If this repository is in an organization, did you remember to grant access? 
[info] 
[info] i  Action required: Visit this URL to ensure access has been granted to the appropriate organization(s) for the Firebase CLI GitHub OAuth App: 
[info] https://github.com/settings/connections/applications/89cf50f02ac6aaed3484
[info] 
[debug] [2023-07-02T04:05:07.786Z] >>> [apiv2][query] GET https://api.github.com/repos/}bellenttierj@gmail.com/actions/secrets/public-key type=owner
[debug] [2023-07-02T04:05:08.075Z] <<< [apiv2][status] GET https://api.github.com/repos/}bellenttierj@gmail.com/actions/secrets/public-key 404
[debug] [2023-07-02T04:05:08.075Z] <<< [apiv2][body] GET https://api.github.com/repos/}bellenttierj@gmail.com/actions/secrets/public-key {"message":"Not Found","documentation_url":"https://docs.github.com/rest"}
[info] 
[info] 
[error] !  The provided authorization cannot be used with this repository. If this repository is in an organization, did you remember to grant access? 
[info] 
[info] i  Action required: Visit this URL to ensure access has been granted to the appropriate organization(s) for the Firebase CLI GitHub OAuth App: 
[info] https://github.com/settings/connections/applications/89cf50f02ac6aaed3484
[info] 
[debug] [2023-07-02T04:05:37.153Z] >>> [apiv2][query] GET https://api.github.com/repos/}bellenttierj@gmail.com/actions/secrets/public-key type=owner
[debug] [2023-07-02T04:05:37.451Z] <<< [apiv2][status] GET https://api.github.com/repos/}bellenttierj@gmail.com/actions/secrets/public-key 404
[debug] [2023-07-02T04:05:37.451Z] <<< [apiv2][body] GET https://api.github.com/repos/}bellenttierj@gmail.com/actions/secrets/public-key {"message":"Not Found","documentation_url":"https://docs.github.com/rest"}
[info] 
[info] 
[error] !  The provided authorization cannot be used with this repository. If this repository is in an organization, did you remember to grant access? 
[info] 
[info] i  Action required: Visit this URL to ensure access has been granted to the appropriate organization(s) for the Firebase CLI GitHub OAuth App: 
[info] https://github.com/settings/connections/applications/89cf50f02ac6aaed3484
[info] 
[debug] [2023-07-02T04:05:58.756Z] >>> [apiv2][query] GET https://api.github.com/repos/}bellenttier/actions/secrets/public-key type=owner
[debug] [2023-07-02T04:05:59.060Z] <<< [apiv2][status] GET https://api.github.com/repos/}bellenttier/actions/secrets/public-key 404
[debug] [2023-07-02T04:05:59.061Z] <<< [apiv2][body] GET https://api.github.com/repos/}bellenttier/actions/secrets/public-key {"message":"Not Found","documentation_url":"https://docs.github.com/rest"}
[info] 
[info] 
[error] !  The provided authorization cannot be used with this repository. If this repository is in an organization, did you remember to grant access? 
[info] 
[info] i  Action required: Visit this URL to ensure access has been granted to the appropriate organization(s) for the Firebase CLI GitHub OAuth App: 
[info] https://github.com/settings/connections/applications/89cf50f02ac6aaed3484
[info] 
[debug] [2023-07-02T04:10:13.568Z] >>> [apiv2][query] GET https://api.github.com/repos/}bellenttier/actions/secrets/public-key type=owner
[debug] [2023-07-02T04:10:13.874Z] <<< [apiv2][status] GET https://api.github.com/repos/}bellenttier/actions/secrets/public-key 404
[debug] [2023-07-02T04:10:13.874Z] <<< [apiv2][body] GET https://api.github.com/repos/}bellenttier/actions/secrets/public-key {"message":"Not Found","documentation_url":"https://docs.github.com/rest"}
[info] 
[info] 
[error] !  The provided authorization cannot be used with this repository. If this repository is in an organization, did you remember to grant access? 
[info] 
[info] i  Action required: Visit this URL to ensure access has been granted to the appropriate organization(s) for the Firebase CLI GitHub OAuth App: 
[info] https://github.com/settings/connections/applications/89cf50f02ac6aaed3484
[info] 
[debug] [2023-07-02T04:21:32.639Z] >>> [apiv2][query] GET https://api.github.com/repos/}bellenttier/actions/secrets/public-key type=owner
[debug] [2023-07-02T04:21:32.944Z] <<< [apiv2][status] GET https://api.github.com/repos/}bellenttier/actions/secrets/public-key 404
[debug] [2023-07-02T04:21:32.945Z] <<< [apiv2][body] GET https://api.github.com/repos/}bellenttier/actions/secrets/public-key {"message":"Not Found","documentation_url":"https://docs.github.com/rest"}
[info] 
[info] 
[error] !  The provided authorization cannot be used with this repository. If this repository is in an organization, did you remember to grant access? 
[info] 
[info] i  Action required: Visit this URL to ensure access has been granted to the appropriate organization(s) for the Firebase CLI GitHub OAuth App: 
[info] https://github.com/settings/connections/applications/89cf50f02ac6aaed3484
[info] 
[debug] [2023-07-02T04:21:35.008Z] >>> [apiv2][query] GET https://api.github.com/repos/}bellenttier/actions/secrets/public-key type=owner
[debug] [2023-07-02T04:21:35.299Z] <<< [apiv2][status] GET https://api.github.com/repos/}bellenttier/actions/secrets/public-key 404
[debug] [2023-07-02T04:21:35.299Z] <<< [apiv2][body] GET https://api.github.com/repos/}bellenttier/actions/secrets/public-key {"message":"Not Found","documentation_url":"https://docs.github.com/rest"}
[info] 
[info] 
[error] !  The provided authorization cannot be used with this repository. If this repository is in an organization, did you remember to grant access? 
[info] 
[info] i  Action required: Visit this URL to ensure access has been granted to the appropriate organization(s) for the Firebase CLI GitHub OAuth App: 
[info] https://github.com/settings/connections/applications/89cf50f02ac6aaed3484
[info] 
[debug] [2023-07-02T04:22:27.171Z] >>> [apiv2][query] GET https://api.github.com/repos/}bellenttier/actions/secrets/public-key type=owner
[debug] [2023-07-02T04:22:27.467Z] <<< [apiv2][status] GET https://api.github.com/repos/}bellenttier/actions/secrets/public-key 404
[debug] [2023-07-02T04:22:27.467Z] <<< [apiv2][body] GET https://api.github.com/repos/}bellenttier/actions/secrets/public-key {"message":"Not Found","documentation_url":"https://docs.github.com/rest"}
[info] 
[info] 
[error] !  The provided authorization cannot be used with this repository. If this repository is in an organization, did you remember to grant access? 
[info] 
[info] i  Action required: Visit this URL to ensure access has been granted to the appropriate organization(s) for the Firebase CLI GitHub OAuth App: 
[info] https://github.com/settings/connections/applications/89cf50f02ac6aaed3484
[info] 
[debug] [2023-07-02T04:22:28.590Z] >>> [apiv2][query] GET https://api.github.com/repos/}bellenttier/actions/secrets/public-key type=owner
[debug] [2023-07-02T04:22:28.890Z] <<< [apiv2][status] GET https://api.github.com/repos/}bellenttier/actions/secrets/public-key 404
[debug] [2023-07-02T04:22:28.890Z] <<< [apiv2][body] GET https://api.github.com/repos/}bellenttier/actions/secrets/public-key {"message":"Not Found","documentation_url":"https://docs.github.com/rest"}
[info] 
[info] 
[error] !  The provided authorization cannot be used with this repository. If this repository is in an organization, did you remember to grant access? 
[info] 
[info] i  Action required: Visit this URL to ensure access has been granted to the appropriate organization(s) for the Firebase CLI GitHub OAuth App: 
[info] https://github.com/settings/connections/applications/89cf50f02ac6aaed3484
[info] 
[debug] [2023-07-02T04:22:29.427Z] >>> [apiv2][query] GET https://api.github.com/repos/}bellenttier/actions/secrets/public-key type=owner
[debug] [2023-07-02T04:22:29.723Z] <<< [apiv2][status] GET https://api.github.com/repos/}bellenttier/actions/secrets/public-key 404
[debug] [2023-07-02T04:22:29.724Z] <<< [apiv2][body] GET https://api.github.com/repos/}bellenttier/actions/secrets/public-key {"message":"Not Found","documentation_url":"https://docs.github.com/rest"}
[info] 
[info] 
[error] !  The provided authorization cannot be used with this repository. If this repository is in an organization, did you remember to grant access? 
[info] 
[info] i  Action required: Visit this URL to ensure access has been granted to the appropriate organization(s) for the Firebase CLI GitHub OAuth App: 
[info] https://github.com/settings/connections/applications/89cf50f02ac6aaed3484
[info] 
[debug] [2023-07-02T04:22:30.105Z] >>> [apiv2][query] GET https://api.github.com/repos/}bellenttier/actions/secrets/public-key type=owner
[debug] [2023-07-02T04:22:30.395Z] <<< [apiv2][status] GET https://api.github.com/repos/}bellenttier/actions/secrets/public-key 404
[debug] [2023-07-02T04:22:30.396Z] <<< [apiv2][body] GET https://api.github.com/repos/}bellenttier/actions/secrets/public-key {"message":"Not Found","documentation_url":"https://docs.github.com/rest"}
[info] 
[info] 
[error] !  The provided authorization cannot be used with this repository. If this repository is in an organization, did you remember to grant access? 
[info] 
[info] i  Action required: Visit this URL to ensure access has been granted to the appropriate organization(s) for the Firebase CLI GitHub OAuth App: 
[info] https://github.com/settings/connections/applications/89cf50f02ac6aaed3484
[info] 
[debug] [2023-07-02T04:27:17.637Z] >>> [apiv2][query] GET https://api.github.com/repos/}/actions/secrets/public-key type=owner
[debug] [2023-07-02T04:27:18.001Z] <<< [apiv2][status] GET https://api.github.com/repos/}/actions/secrets/public-key 404
[debug] [2023-07-02T04:27:18.001Z] <<< [apiv2][body] GET https://api.github.com/repos/}/actions/secrets/public-key {"message":"Not Found","documentation_url":"https://docs.github.com/rest"}
[info] 
[info] 
[error] !  The provided authorization cannot be used with this repository. If this repository is in an organization, did you remember to grant access? 
[info] 
[info] i  Action required: Visit this URL to ensure access has been granted to the appropriate organization(s) for the Firebase CLI GitHub OAuth App: 
[info] https://github.com/settings/connections/applications/89cf50f02ac6aaed3484
[info] 
[debug] [2023-07-02T04:27:18.027Z] >>> [apiv2][query] GET https://api.github.com/repos/}/actions/secrets/public-key type=owner
[debug] [2023-07-02T04:27:18.232Z] >>> [apiv2][query] GET https://api.github.com/repos//actions/secrets/public-key type=owner
[debug] [2023-07-02T04:27:18.402Z] <<< [apiv2][status] GET https://api.github.com/repos/}/actions/secrets/public-key 404
[debug] [2023-07-02T04:27:18.402Z] <<< [apiv2][body] GET https://api.github.com/repos/}/actions/secrets/public-key {"message":"Not Found","documentation_url":"https://docs.github.com/rest"}
[info] 
[info] 
[error] !  The provided authorization cannot be used with this repository. If this repository is in an organization, did you remember to grant access? 
[info] 
[info] i  Action required: Visit this URL to ensure access has been granted to the appropriate organization(s) for the Firebase CLI GitHub OAuth App: 
[info] https://github.com/settings/connections/applications/89cf50f02ac6aaed3484
[info] 
[debug] [2023-07-02T04:27:18.530Z] <<< [apiv2][status] GET https://api.github.com/repos//actions/secrets/public-key 404
[debug] [2023-07-02T04:27:18.530Z] <<< [apiv2][body] GET https://api.github.com/repos//actions/secrets/public-key {"message":"Not Found","documentation_url":"https://docs.github.com/rest"}
[info] 
[info] 
[error] !  The provided authorization cannot be used with this repository. If this repository is in an organization, did you remember to grant access? 
[info] 
[info] i  Action required: Visit this URL to ensure access has been granted to the appropriate organization(s) for the Firebase CLI GitHub OAuth App: 
[info] https://github.com/settings/connections/applications/89cf50f02ac6aaed3484
[info] 
[debug] [2023-07-02T04:27:18.580Z] >>> [apiv2][query] GET https://api.github.com/repos/}/actions/secrets/public-key type=owner
[debug] [2023-07-02T04:27:18.861Z] <<< [apiv2][status] GET https://api.github.com/repos/}/actions/secrets/public-key 404
[debug] [2023-07-02T04:27:18.861Z] <<< [apiv2][body] GET https://api.github.com/repos/}/actions/secrets/public-key {"message":"Not Found","documentation_url":"https://docs.github.com/rest"}
[info] 
[info] 
[error] !  The provided authorization cannot be used with this repository. If this repository is in an organization, did you remember to grant access? 
[info] 
[info] i  Action required: Visit this URL to ensure access has been granted to the appropriate organization(s) for the Firebase CLI GitHub OAuth App: 
[info] https://github.com/settings/connections/applications/89cf50f02ac6aaed3484
[info] 
[debug] [2023-07-02T04:27:19.032Z] >>> [apiv2][query] GET https://api.github.com/repos/}/actions/secrets/public-key type=owner
[debug] [2023-07-02T04:27:19.398Z] <<< [apiv2][status] GET https://api.github.com/repos/}/actions/secrets/public-key 404
[debug] [2023-07-02T04:27:19.398Z] <<< [apiv2][body] GET https://api.github.com/repos/}/actions/secrets/public-key {"message":"Not Found","documentation_url":"https://docs.github.com/rest"}
[info] 
[info] 
[error] !  The provided authorization cannot be used with this repository. If this repository is in an organization, did you remember to grant access? 
[info] 
[info] i  Action required: Visit this URL to ensure access has been granted to the appropriate organization(s) for the Firebase CLI GitHub OAuth App: 
[info] https://github.com/settings/connections/applications/89cf50f02ac6aaed3484
[info] 
[debug] [2023-07-02T04:27:19.471Z] >>> [apiv2][query] GET https://api.github.com/repos/}/actions/secrets/public-key type=owner
[debug] [2023-07-02T04:27:19.763Z] <<< [apiv2][status] GET https://api.github.com/repos/}/actions/secrets/public-key 404
[debug] [2023-07-02T04:27:19.763Z] <<< [apiv2][body] GET https://api.github.com/repos/}/actions/secrets/public-key {"message":"Not Found","documentation_url":"https://docs.github.com/rest"}
[info] 
[info] 
[error] !  The provided authorization cannot be used with this repository. If this repository is in an organization, did you remember to grant access? 
[info] 
[info] i  Action required: Visit this URL to ensure access has been granted to the appropriate organization(s) for the Firebase CLI GitHub OAuth App: 
[info] https://github.com/settings/connections/applications/89cf50f02ac6aaed3484
[info] 
[debug] [2023-07-02T04:27:23.411Z] >>> [apiv2][query] GET https://api.github.com/repos/}https://github.com/firebase/functions-samples.git/actions/secrets/public-key type=owner
[debug] [2023-07-02T04:27:23.727Z] <<< [apiv2][status] GET https://api.github.com/repos/}https://github.com/firebase/functions-samples.git/actions/secrets/public-key 404
[debug] [2023-07-02T04:27:23.727Z] <<< [apiv2][body] GET https://api.github.com/repos/}https://github.com/firebase/functions-samples.git/actions/secrets/public-key {"message":"Not Found","documentation_url":"https://docs.github.com/rest"}
[info] 
[info] 
[error] !  The provided authorization cannot be used with this repository. If this repository is in an organization, did you remember to grant access? 
[info] 
[info] i  Action required: Visit this URL to ensure access has been granted to the appropriate organization(s) for the Firebase CLI GitHub OAuth App: 
[info] https://github.com/settings/connections/applications/89cf50f02ac6aaed3484
[info] 
[debug] [2023-07-02T04:29:44.052Z] >>> [apiv2][query] GET https://api.github.com/repos/    /actions/secrets/public-key type=owner
[debug] [2023-07-02T04:29:44.319Z] >>> [apiv2][query] GET https://api.github.com/repos//actions/secrets/public-key type=owner
[debug] [2023-07-02T04:29:44.402Z] <<< [apiv2][status] GET https://api.github.com/repos/    /actions/secrets/public-key 404
[debug] [2023-07-02T04:29:44.402Z] <<< [apiv2][body] GET https://api.github.com/repos/    /actions/secrets/public-key {"message":"Not Found","documentation_url":"https://docs.github.com/rest"}
[info] 
[info] 
[error] !  The provided authorization cannot be used with this repository. If this repository is in an organization, did you remember to grant access? 
[info] 
[info] i  Action required: Visit this URL to ensure access has been granted to the appropriate organization(s) for the Firebase CLI GitHub OAuth App: 
[info] https://github.com/settings/connections/applications/89cf50f02ac6aaed3484
[info] 
[debug] [2023-07-02T04:29:44.492Z] >>> [apiv2][query] GET https://api.github.com/repos/    /actions/secrets/public-key type=owner
[debug] [2023-07-02T04:29:44.590Z] <<< [apiv2][status] GET https://api.github.com/repos//actions/secrets/public-key 404
[debug] [2023-07-02T04:29:44.591Z] <<< [apiv2][body] GET https://api.github.com/repos//actions/secrets/public-key {"message":"Not Found","documentation_url":"https://docs.github.com/rest"}
[info] 
[info] 
[error] !  The provided authorization cannot be used with this repository. If this repository is in an organization, did you remember to grant access? 
[info] 
[info] i  Action required: Visit this URL to ensure access has been granted to the appropriate organization(s) for the Firebase CLI GitHub OAuth App: 
[info] https://github.com/settings/connections/applications/89cf50f02ac6aaed3484
[info] 
[debug] [2023-07-02T04:29:44.793Z] <<< [apiv2][status] GET https://api.github.com/repos/    /actions/secrets/public-key 404
[debug] [2023-07-02T04:29:44.794Z] <<< [apiv2][body] GET https://api.github.com/repos/    /actions/secrets/public-key {"message":"Not Found","documentation_url":"https://docs.github.com/rest"}
[info] 
[info] 
[error] !  The provided authorization cannot be used with this repository. If this repository is in an organization, did you remember to grant access? 
[info] 
[info] i  Action required: Visit this URL to ensure access has been granted to the appropriate organization(s) for the Firebase CLI GitHub OAuth App: 
[info] https://github.com/settings/connections/applications/89cf50f02ac6aaed3484
[info] 
[debug] [2023-07-02T04:29:45.658Z] >>> [apiv2][query] GET https://api.github.com/repos/    /actions/secrets/public-key type=owner
[debug] [2023-07-02T04:29:46.000Z] <<< [apiv2][status] GET https://api.github.com/repos/    /actions/secrets/public-key 404
[debug] [2023-07-02T04:29:46.001Z] <<< [apiv2][body] GET https://api.github.com/repos/    /actions/secrets/public-key {"message":"Not Found","documentation_url":"https://docs.github.com/rest"}
[info] 
[info] 
[error] !  The provided authorization cannot be used with this repository. If this repository is in an organization, did you remember to grant access? 
[info] 
[info] i  Action required: Visit this URL to ensure access has been granted to the appropriate organization(s) for the Firebase CLI GitHub OAuth App: 
[info] https://github.com/settings/connections/applications/89cf50f02ac6aaed3484
[info] 
[debug] [2023-07-02T04:31:36.072Z] >>> [apiv2][query] GET https://api.github.com/repos/https://github.com/firebase/functions-samples.git/actions/secrets/public-key type=owner
[debug] [2023-07-02T04:31:36.472Z] <<< [apiv2][status] GET https://api.github.com/repos/https://github.com/firebase/functions-samples.git/actions/secrets/public-key 404
[debug] [2023-07-02T04:31:36.473Z] <<< [apiv2][body] GET https://api.github.com/repos/https://github.com/firebase/functions-samples.git/actions/secrets/public-key {"message":"Not Found","documentation_url":"https://docs.github.com/rest"}
[info] 
[info] 
[error] !  The provided authorization cannot be used with this repository. If this repository is in an organization, did you remember to grant access? 
[info] 
[info] i  Action required: Visit this URL to ensure access has been granted to the appropriate organization(s) for the Firebase CLI GitHub OAuth App: 
[info] https://github.com/settings/connections/applications/89cf50f02ac6aaed3484
[info] 
